<?xml version="1.0" encoding="UTF-8"?>
<!-- Generated by org.testng.reporters.JUnitReportReporter -->
<testsuite hostname="DESKTOP-B83FSQA" failures="0" tests="3" name="com.conditions.practice.DependsOnMethodsCondition" time="0.017" errors="0" timestamp="2022-11-09T11:41:44 IST" skipped="0">
  <testcase classname="com.conditions.practice.DependsOnMethodsCondition" name="modifyUser" time="0.006"/>
  <system-out/>
  <testcase classname="com.conditions.practice.DependsOnMethodsCondition" name="deleteUser" time="0.004"/>
  <system-out/>
  <testcase classname="com.conditions.practice.DependsOnMethodsCondition" name="createUser" time="0.007"/>
  <system-out/>
</testsuite> <!-- com.conditions.practice.DependsOnMethodsCondition -->
