<?xml version="1.0" encoding="UTF-8"?>
<!-- Generated by org.testng.reporters.JUnitReportReporter -->
<testsuite hostname="DESKTOP-B83FSQA" failures="0" tests="3" name="com.parameters.practice.DataProviderDemo" time="0.015" errors="0" timestamp="2022-11-09T12:07:41 IST" skipped="0">
  <testcase classname="com.parameters.practice.DataProviderDemo" name="displayTestData" time="0.002"/>
  <system-out/>
  <testcase classname="com.parameters.practice.DataProviderDemo" name="displayTestData" time="0.010"/>
  <system-out/>
  <testcase classname="com.parameters.practice.DataProviderDemo" name="displayTestData" time="0.003"/>
  <system-out/>
</testsuite> <!-- com.parameters.practice.DataProviderDemo -->
