<?xml version="1.0" encoding="UTF-8"?>
<!-- Generated by org.testng.reporters.JUnitReportReporter -->
<testsuite hostname="DESKTOP-B83FSQA" failures="0" tests="2" name="com.Annotations.practice.AnnotationsSummary" time="0.026" errors="0" timestamp="2022-11-09T11:31:25 IST" skipped="0">
  <testcase classname="com.Annotations.practice.AnnotationsSummary" name="method2" time="0.007"/>
  <system-out/>
  <testcase classname="com.Annotations.practice.AnnotationsSummary" name="method1" time="0.019"/>
  <system-out/>
</testsuite> <!-- com.Annotations.practice.AnnotationsSummary -->
