<?xml version="1.0" encoding="UTF-8"?>
<!-- Generated by org.testng.reporters.JUnitReportReporter -->
<testsuite hostname="DESKTOP-B83FSQA" failures="0" tests="3" name="com.parameters.practice.Users" time="0.016" errors="0" timestamp="2022-11-09T12:09:58 IST" skipped="0">
  <testcase classname="com.parameters.practice.Users" name="displayTestData" time="0.003"/>
  <system-out/>
  <testcase classname="com.parameters.practice.Users" name="displayTestData" time="0.010"/>
  <system-out/>
  <testcase classname="com.parameters.practice.Users" name="displayTestData" time="0.003"/>
  <system-out/>
</testsuite> <!-- com.parameters.practice.Users -->
