<?xml version="1.0" encoding="UTF-8"?>
<!-- Generated by org.testng.reporters.JUnitReportReporter -->
<testsuite hostname="DESKTOP-B83FSQA" failures="0" tests="3" name="com.Products.practice.Products" time="0.015" errors="0" timestamp="2022-11-09T13:24:37 IST" skipped="0">
  <testcase classname="com.Products.practice.Products" name="modifyProduct" time="0.003"/>
  <system-out/>
  <testcase classname="com.Products.practice.Products" name="deleteProduct" time="0.004"/>
  <system-out/>
  <testcase classname="com.Products.practice.Products" name="createProduct" time="0.008"/>
  <system-out/>
</testsuite> <!-- com.Products.practice.Products -->
