<?xml version="1.0" encoding="UTF-8"?>
<!-- Generated by org.testng.reporters.JUnitReportReporter -->
<testsuite hostname="DESKTOP-B83FSQA" failures="0" tests="2" name="com.Hardassertion.practice.AssertNullDemo" time="0.020" errors="0" timestamp="2022-11-09T11:58:55 IST" skipped="0">
  <testcase classname="com.Hardassertion.practice.AssertNullDemo" name="assertNotNullDemo" time="0.016"/>
  <system-out/>
  <testcase classname="com.Hardassertion.practice.AssertNullDemo" name="assertNullDemo" time="0.004"/>
  <system-out/>
</testsuite> <!-- com.Hardassertion.practice.AssertNullDemo -->
