<?xml version="1.0" encoding="UTF-8"?>
<!-- Generated by org.testng.reporters.JUnitReportReporter -->
<testsuite hostname="DESKTOP-B83FSQA" failures="0" tests="3" name="com.Users.practice.Users" time="0.015" errors="0" timestamp="2022-11-09T13:37:04 IST" skipped="0">
  <testcase classname="com.Users.practice.Users" name="modifyUser" time="0.003"/>
  <system-out/>
  <testcase classname="com.Users.practice.Users" name="deleteUser" time="0.003"/>
  <system-out/>
  <testcase classname="com.Users.practice.Users" name="createUser" time="0.009"/>
  <system-out/>
</testsuite> <!-- com.Users.practice.Users -->
