<?xml version="1.0" encoding="UTF-8"?>
<!-- Generated by org.testng.reporters.JUnitReportReporter -->
<testsuite hostname="DESKTOP-B83FSQA" failures="0" tests="3" name="com.conditions.practice.Users" time="0.011" errors="0" timestamp="2022-11-09T11:45:10 IST" skipped="1">
  <testcase classname="com.conditions.practice.Users" name="deleteUser" time="0.002"/>
  <system-out/>
  <testcase classname="com.conditions.practice.Users" name="createUser" time="0.009"/>
  <system-out/>
  <testcase classname="com.conditions.practice.Users" name="modifyUser">
    <skipped/>
  </testcase> <!-- modifyUser -->
  <system-out/>
</testsuite> <!-- com.conditions.practice.Users -->
