<?xml version="1.0" encoding="UTF-8"?>
<!-- Generated by org.testng.reporters.JUnitReportReporter -->
<testsuite hostname="DESKTOP-B83FSQA" failures="0" tests="2" name="com.Hardassertion.practice.AssertSameDemo" time="0.019" errors="0" timestamp="2022-11-09T12:01:07 IST" skipped="0">
  <testcase classname="com.Hardassertion.practice.AssertSameDemo" name="assertNotSameDemo" time="0.016"/>
  <system-out/>
  <testcase classname="com.Hardassertion.practice.AssertSameDemo" name="assertSameDemo" time="0.003"/>
  <system-out/>
</testsuite> <!-- com.Hardassertion.practice.AssertSameDemo -->
