<?xml version="1.0" encoding="UTF-8"?>
<!-- Generated by org.testng.reporters.JUnitReportReporter -->
<testsuite hostname="DESKTOP-B83FSQA" failures="0" tests="2" name="com.SoftAssertion.practice.AssertTrueFalseDemo" time="0.024" errors="0" timestamp="2022-11-09T13:34:28 IST" skipped="0">
  <testcase classname="com.SoftAssertion.practice.AssertTrueFalseDemo" name="assertTrueDemo" time="0.003"/>
  <system-out/>
  <testcase classname="com.SoftAssertion.practice.AssertTrueFalseDemo" name="assertFalseDemo" time="0.021"/>
  <system-out/>
</testsuite> <!-- com.SoftAssertion.practice.AssertTrueFalseDemo -->
