<?xml version="1.0" encoding="UTF-8"?>
<!-- Generated by org.testng.reporters.JUnitReportReporter -->
<testsuite hostname="DESKTOP-B83FSQA" failures="0" tests="2" name="com.SoftAssertion.practice.AssertSameDemo" time="0.024" errors="0" timestamp="2022-11-09T13:32:55 IST" skipped="0">
  <testcase classname="com.SoftAssertion.practice.AssertSameDemo" name="assertNotSameDemo" time="0.020"/>
  <system-out/>
  <testcase classname="com.SoftAssertion.practice.AssertSameDemo" name="assertSameDemo" time="0.004"/>
  <system-out/>
</testsuite> <!-- com.SoftAssertion.practice.AssertSameDemo -->
