<?xml version="1.0" encoding="UTF-8"?>
<!-- Generated by org.testng.reporters.JUnitReportReporter -->
<testsuite hostname="DESKTOP-B83FSQA" failures="0" tests="2" name="com.Hardassertion.practice.AssertEqualsDemo" time="0.023" errors="0" timestamp="2022-11-09T11:53:44 IST" skipped="0">
  <testcase classname="com.Hardassertion.practice.AssertEqualsDemo" name="assertEqualsDemo" time="0.019"/>
  <system-out/>
  <testcase classname="com.Hardassertion.practice.AssertEqualsDemo" name="assertNotEqualsDemo" time="0.004"/>
  <system-out/>
</testsuite> <!-- com.Hardassertion.practice.AssertEqualsDemo -->
