<?xml version="1.0" encoding="UTF-8"?>
<!-- Generated by org.testng.reporters.JUnitReportReporter -->
<testsuite hostname="DESKTOP-B83FSQA" failures="0" tests="2" name="com.Hardassertion.practice.AssertTrueFalseDemo" time="0.023" errors="0" timestamp="2022-11-09T12:04:18 IST" skipped="0">
  <testcase classname="com.Hardassertion.practice.AssertTrueFalseDemo" name="assertFalseDemo" time="0.017"/>
  <system-out/>
  <testcase classname="com.Hardassertion.practice.AssertTrueFalseDemo" name="assertTrueDemo" time="0.006"/>
  <system-out/>
</testsuite> <!-- com.Hardassertion.practice.AssertTrueFalseDemo -->
