<?xml version="1.0" encoding="UTF-8"?>
<!-- Generated by org.testng.reporters.JUnitReportReporter -->
<testsuite hostname="DESKTOP-B83FSQA" failures="0" tests="2" name="com.SoftAssertion.practice.AssertNullDemo" time="0.023" errors="0" timestamp="2022-11-09T13:30:59 IST" skipped="0">
  <testcase classname="com.SoftAssertion.practice.AssertNullDemo" name="assertNotNullDemo" time="0.018"/>
  <system-out/>
  <testcase classname="com.SoftAssertion.practice.AssertNullDemo" name="assertNullDemo" time="0.005"/>
  <system-out/>
</testsuite> <!-- com.SoftAssertion.practice.AssertNullDemo -->
