<?xml version="1.0" encoding="UTF-8"?>
<!-- Generated by org.testng.reporters.JUnitReportReporter -->
<testsuite hostname="DESKTOP-B83FSQA" failures="0" tests="6" name="com.TestNGScenario.practice.LoginLogoutDemo" time="0.603" errors="0" timestamp="2022-11-09T14:56:46 IST" skipped="0">
  <testcase classname="com.TestNGScenario.practice.LoginLogoutDemo" name="launchBrowser" time="0.477"/>
  <system-out/>
  <testcase classname="com.TestNGScenario.practice.LoginLogoutDemo" name="navigate" time="0.030"/>
  <system-out/>
  <testcase classname="com.TestNGScenario.practice.LoginLogoutDemo" name="login" time="0.059"/>
  <system-out/>
  <testcase classname="com.TestNGScenario.practice.LoginLogoutDemo" name="minimizeFlyOutwindow" time="0.010"/>
  <system-out/>
  <testcase classname="com.TestNGScenario.practice.LoginLogoutDemo" name="logout" time="0.017"/>
  <system-out/>
  <testcase classname="com.TestNGScenario.practice.LoginLogoutDemo" name="closeApp" time="0.010"/>
  <system-out/>
</testsuite> <!-- com.TestNGScenario.practice.LoginLogoutDemo -->
